{
    "Meta Data": {
        "1. Information": "Daily Time Series with Splits and Dividend Events",
        "2. Symbol": "AAPL",
        "3. Last Refreshed": "2017-10-27",
        "4. Output Size": "Compact",
        "5. Time Zone": "US/Eastern"
    },
    "Time Series (Daily)": {
        "2017-10-27": {
            "1. open": "159.2900",
            "2. high": "163.6000",
            "3. low": "158.7000",
            "4. close": "163.0500",
            "5. adjusted close": "163.0500",
            "6. volume": "43904150",
            "7. dividend amount": "0.0000",
            "8. split coefficient": "1.0000"
        },
        "2017-10-26": {
            "1. open": "157.2300",
            "2. high": "157.8300",
            "3. low": "156.7800",
            "4. close": "157.4100",
            "5. adjusted close": "157.4100",
            "6. volume": "16751691",
            "7. dividend amount": "0.0000",
            "8. split coefficient": "1.0000"
        },
        "2017-10-25": {
            "1. open": "156.9100",
            "2. high": "157.5500",
            "3. low": "155.2700",
            "4. close": "156.4100",
            "5. adjusted close": "156.4100",
            "6. volume": "20126554",
            "7. dividend amount": "0.0000",
            "8. split coefficient": "1.0000"
        },
        "2017-10-24": {
            "1. open": "156.2900",
            "2. high": "157.4200",
            "3. low": "156.2000",
            "4. close": "157.1000",
            "5. adjusted close": "157.1000",
            "6. volume": "17137731",
            "7. dividend amount": "0.0000",
            "8. split coefficient": "1.0000"
        },
        "2017-10-23": {
            "1. open": "156.8900",
            "2. high": "157.6900",
            "3. low": "155.5000",
            "4. close": "156.1700",
            "5. adjusted close": "156.1700",
            "6. volume": "21654461",
            "7. dividend amount": "0.0000",
            "8. split coefficient": "1.0000"
        },
        "2017-10-20": {
            "1. open": "156.6100",
            "2. high": "157.7500",
            "3. low": "155.9600",
            "4. close": "156.2500",
            "5. adjusted close": "156.2500",
            "6. volume": "23612246",
            "7. dividend amount": "0.0000",
            "8. split coefficient": "1.0000"
        },
        "2017-10-19": {
            "1. open": "156.7500",
            "2. high": "157.0800",
            "3. low": "155.0200",
            "4. close": "155.9800",
            "5. adjusted close": "155.9800",
            "6. volume": "42111326",
            "7. dividend amount": "0.0000",
            "8. split coefficient": "1.0000"
        },
        "2017-10-18": {
            "1. open": "160.4200",
            "2. high": "160.7100",
            "3. low": "159.6000",
            "4. close": "159.7600",
            "5. adjusted close": "159.7600",
            "6. volume": "16158659",
            "7. dividend amount": "0.0000",
            "8. split coefficient": "1.0000"
        },
        "2017-10-17": {
            "1. open": "159.7800",
            "2. high": "160.8700",
            "3. low": "159.2300",
            "4. close": "160.4700",
            "5. adjusted close": "160.4700",
            "6. volume": "18816438",
            "7. dividend amount": "0.0000",
            "8. split coefficient": "1.0000"
        },
        "2017-10-16": {
            "1. open": "157.9000",
            "2. high": "160.0000",
            "3. low": "157.6500",
            "4. close": "159.8800",
            "5. adjusted close": "159.8800",
            "6. volume": "23894630",
            "7. dividend amount": "0.0000",
            "8. split coefficient": "1.0000"
        },
        "2017-10-13": {
            "1. open": "156.7300",
            "2. high": "157.2800",
            "3. low": "156.4100",
            "4. close": "156.9900",
            "5. adjusted close": "156.9900",
            "6. volume": "16287608",
            "7. dividend amount": "0.0000",
            "8. split coefficient": "1.0000"
        },
        "2017-10-12": {
            "1. open": "156.3500",
            "2. high": "157.3700",
            "3. low": "155.7300",
            "4. close": "156.0000",
            "5. adjusted close": "156.0000",
            "6. volume": "16045720",
            "7. dividend amount": "0.0000",
            "8. split coefficient": "1.0000"
        },
        "2017-10-11": {
            "1. open": "155.9700",
            "2. high": "156.9800",
            "3. low": "155.7500",
            "4. close": "156.5500",
            "5. adjusted close": "156.5500",
            "6. volume": "16607693",
            "7. dividend amount": "0.0000",
            "8. split coefficient": "1.0000"
        },
        "2017-10-10": {
            "1. open": "156.0600",
            "2. high": "158.0000",
            "3. low": "155.1000",
            "4. close": "155.9000",
            "5. adjusted close": "155.9000",
            "6. volume": "15456331",
            "7. dividend amount": "0.0000",
            "8. split coefficient": "1.0000"
        },
        "2017-10-09": {
            "1. open": "155.8100",
            "2. high": "156.7300",
            "3. low": "155.4900",
            "4. close": "155.8400",
            "5. adjusted close": "155.8400",
            "6. volume": "16200129",
            "7. dividend amount": "0.0000",
            "8. split coefficient": "1.0000"
        },
        "2017-10-06": {
            "1. open": "154.9700",
            "2. high": "155.4900",
            "3. low": "154.5600",
            "4. close": "155.3000",
            "5. adjusted close": "155.3000",
            "6. volume": "16423749",
            "7. dividend amount": "0.0000",
            "8. split coefficient": "1.0000"
        },
        "2017-10-05": {
            "1. open": "154.1800",
            "2. high": "155.4400",
            "3. low": "154.0500",
            "4. close": "155.3900",
            "5. adjusted close": "155.3900",
            "6. volume": "21032800",
            "7. dividend amount": "0.0000",
            "8. split coefficient": "1.0000"
        },
        "2017-10-04": {
            "1. open": "153.6300",
            "2. high": "153.8600",
            "3. low": "152.4600",
            "4. close": "153.4800",
            "5. adjusted close": "153.4800",
            "6. volume": "19844177",
            "7. dividend amount": "0.0000",
            "8. split coefficient": "1.0000"
        },
        "2017-10-03": {
            "1. open": "154.0100",
            "2. high": "155.0900",
            "3. low": "153.9100",
            "4. close": "154.4800",
            "5. adjusted close": "154.4800",
            "6. volume": "16146388",
            "7. dividend amount": "0.0000",
            "8. split coefficient": "1.0000"
        },
        "2017-10-02": {
            "1. open": "154.2600",
            "2. high": "154.4500",
            "3. low": "152.7200",
            "4. close": "153.8100",
            "5. adjusted close": "153.8100",
            "6. volume": "18524860",
            "7. dividend amount": "0.0000",
            "8. split coefficient": "1.0000"
        },
        "2017-09-29": {
            "1. open": "153.2100",
            "2. high": "154.1300",
            "3. low": "152.0000",
            "4. close": "154.1200",
            "5. adjusted close": "154.1200",
            "6. volume": "25856530",
            "7. dividend amount": "0.0000",
            "8. split coefficient": "1.0000"
        },
        "2017-09-28": {
            "1. open": "153.8900",
            "2. high": "154.2800",
            "3. low": "152.7000",
            "4. close": "153.2800",
            "5. adjusted close": "153.2800",
            "6. volume": "21896592",
            "7. dividend amount": "0.0000",
            "8. split coefficient": "1.0000"
        },
        "2017-09-27": {
            "1. open": "153.8000",
            "2. high": "154.7200",
            "3. low": "153.5400",
            "4. close": "154.2300",
            "5. adjusted close": "154.2300",
            "6. volume": "24959552",
            "7. dividend amount": "0.0000",
            "8. split coefficient": "1.0000"
        },
        "2017-09-26": {
            "1. open": "151.7800",
            "2. high": "153.9200",
            "3. low": "151.6900",
            "4. close": "153.1400",
            "5. adjusted close": "153.1400",
            "6. volume": "35470985",
            "7. dividend amount": "0.0000",
            "8. split coefficient": "1.0000"
        },
        "2017-09-25": {
            "1. open": "149.9900",
            "2. high": "151.8300",
            "3. low": "149.1600",
            "4. close": "150.5500",
            "5. adjusted close": "150.5500",
            "6. volume": "43922334",
            "7. dividend amount": "0.0000",
            "8. split coefficient": "1.0000"
        },
        "2017-09-22": {
            "1. open": "151.5400",
            "2. high": "152.2700",
            "3. low": "150.5600",
            "4. close": "151.8900",
            "5. adjusted close": "151.8900",
            "6. volume": "46114424",
            "7. dividend amount": "0.0000",
            "8. split coefficient": "1.0000"
        },
        "2017-09-21": {
            "1. open": "155.8000",
            "2. high": "155.8000",
            "3. low": "152.7500",
            "4. close": "153.3900",
            "5. adjusted close": "153.3900",
            "6. volume": "36643382",
            "7. dividend amount": "0.0000",
            "8. split coefficient": "1.0000"
        },
        "2017-09-20": {
            "1. open": "157.9000",
            "2. high": "158.2600",
            "3. low": "153.8300",
            "4. close": "156.0700",
            "5. adjusted close": "156.0700",
            "6. volume": "51693239",
            "7. dividend amount": "0.0000",
            "8. split coefficient": "1.0000"
        },
        "2017-09-19": {
            "1. open": "159.5100",
            "2. high": "159.7700",
            "3. low": "158.4400",
            "4. close": "158.7300",
            "5. adjusted close": "158.7300",
            "6. volume": "20347352",
            "7. dividend amount": "0.0000",
            "8. split coefficient": "1.0000"
        },
        "2017-09-18": {
            "1. open": "160.1100",
            "2. high": "160.5000",
            "3. low": "158.0000",
            "4. close": "158.6700",
            "5. adjusted close": "158.6700",
            "6. volume": "27939718",
            "7. dividend amount": "0.0000",
            "8. split coefficient": "1.0000"
        },
        "2017-09-15": {
            "1. open": "158.4700",
            "2. high": "160.9700",
            "3. low": "158.0000",
            "4. close": "159.8800",
            "5. adjusted close": "159.8800",
            "6. volume": "48203642",
            "7. dividend amount": "0.0000",
            "8. split coefficient": "1.0000"
        },
        "2017-09-14": {
            "1. open": "158.9900",
            "2. high": "159.4000",
            "3. low": "158.0900",
            "4. close": "158.2800",
            "5. adjusted close": "158.2800",
            "6. volume": "23073646",
            "7. dividend amount": "0.0000",
            "8. split coefficient": "1.0000"
        },
        "2017-09-13": {
            "1. open": "159.8700",
            "2. high": "159.9600",
            "3. low": "157.9100",
            "4. close": "159.6500",
            "5. adjusted close": "159.6500",
            "6. volume": "44393752",
            "7. dividend amount": "0.0000",
            "8. split coefficient": "1.0000"
        },
        "2017-09-12": {
            "1. open": "162.6100",
            "2. high": "163.9600",
            "3. low": "158.7700",
            "4. close": "160.8600",
            "5. adjusted close": "160.8600",
            "6. volume": "71139119",
            "7. dividend amount": "0.0000",
            "8. split coefficient": "1.0000"
        },
        "2017-09-11": {
            "1. open": "160.5000",
            "2. high": "162.0500",
            "3. low": "159.8900",
            "4. close": "161.5000",
            "5. adjusted close": "161.5000",
            "6. volume": "31028926",
            "7. dividend amount": "0.0000",
            "8. split coefficient": "1.0000"
        },
        "2017-09-08": {
            "1. open": "160.8600",
            "2. high": "161.1500",
            "3. low": "158.5300",
            "4. close": "158.6300",
            "5. adjusted close": "158.6300",
            "6. volume": "28183159",
            "7. dividend amount": "0.0000",
            "8. split coefficient": "1.0000"
        },
        "2017-09-07": {
            "1. open": "162.0900",
            "2. high": "162.2400",
            "3. low": "160.3600",
            "4. close": "161.2600",
            "5. adjusted close": "161.2600",
            "6. volume": "21722995",
            "7. dividend amount": "0.0000",
            "8. split coefficient": "1.0000"
        },
        "2017-09-06": {
            "1. open": "162.7100",
            "2. high": "162.9900",
            "3. low": "160.5200",
            "4. close": "161.9100",
            "5. adjusted close": "161.9100",
            "6. volume": "21179047",
            "7. dividend amount": "0.0000",
            "8. split coefficient": "1.0000"
        },
        "2017-09-05": {
            "1. open": "163.7500",
            "2. high": "164.2500",
            "3. low": "160.5600",
            "4. close": "162.0800",
            "5. adjusted close": "162.0800",
            "6. volume": "29317054",
            "7. dividend amount": "0.0000",
            "8. split coefficient": "1.0000"
        },
        "2017-09-01": {
            "1. open": "164.8000",
            "2. high": "164.9400",
            "3. low": "163.6300",
            "4. close": "164.0500",
            "5. adjusted close": "164.0500",
            "6. volume": "16591051",
            "7. dividend amount": "0.0000",
            "8. split coefficient": "1.0000"
        },
        "2017-08-31": {
            "1. open": "163.6400",
            "2. high": "164.5200",
            "3. low": "163.4800",
            "4. close": "164.0000",
            "5. adjusted close": "164.0000",
            "6. volume": "26785096",
            "7. dividend amount": "0.0000",
            "8. split coefficient": "1.0000"
        },
        "2017-08-30": {
            "1. open": "163.8000",
            "2. high": "163.8900",
            "3. low": "162.6100",
            "4. close": "163.3500",
            "5. adjusted close": "163.3500",
            "6. volume": "26973946",
            "7. dividend amount": "0.0000",
            "8. split coefficient": "1.0000"
        },
        "2017-08-29": {
            "1. open": "160.1000",
            "2. high": "163.1200",
            "3. low": "160.0000",
            "4. close": "162.9100",
            "5. adjusted close": "162.9100",
            "6. volume": "29307862",
            "7. dividend amount": "0.0000",
            "8. split coefficient": "1.0000"
        },
        "2017-08-28": {
            "1. open": "160.1400",
            "2. high": "162.0000",
            "3. low": "159.9300",
            "4. close": "161.4700",
            "5. adjusted close": "161.4700",
            "6. volume": "25279674",
            "7. dividend amount": "0.0000",
            "8. split coefficient": "1.0000"
        },
        "2017-08-25": {
            "1. open": "159.6500",
            "2. high": "160.5600",
            "3. low": "159.2700",
            "4. close": "159.8600",
            "5. adjusted close": "159.8600",
            "6. volume": "25015218",
            "7. dividend amount": "0.0000",
            "8. split coefficient": "1.0000"
        },
        "2017-08-24": {
            "1. open": "160.4300",
            "2. high": "160.7400",
            "3. low": "158.5500",
            "4. close": "159.2700",
            "5. adjusted close": "159.2700",
            "6. volume": "19029621",
            "7. dividend amount": "0.0000",
            "8. split coefficient": "1.0000"
        },
        "2017-08-23": {
            "1. open": "159.0700",
            "2. high": "160.4700",
            "3. low": "158.8800",
            "4. close": "159.9800",
            "5. adjusted close": "159.9800",
            "6. volume": "19198189",
            "7. dividend amount": "0.0000",
            "8. split coefficient": "1.0000"
        },
        "2017-08-22": {
            "1. open": "158.2300",
            "2. high": "160.0000",
            "3. low": "158.0200",
            "4. close": "159.7800",
            "5. adjusted close": "159.7800",
            "6. volume": "21297812",
            "7. dividend amount": "0.0000",
            "8. split coefficient": "1.0000"
        },
        "2017-08-21": {
            "1. open": "157.5000",
            "2. high": "157.8900",
            "3. low": "155.1100",
            "4. close": "157.2100",
            "5. adjusted close": "157.2100",
            "6. volume": "26145653",
            "7. dividend amount": "0.0000",
            "8. split coefficient": "1.0000"
        },
        "2017-08-18": {
            "1. open": "157.8600",
            "2. high": "159.5000",
            "3. low": "156.7200",
            "4. close": "157.5000",
            "5. adjusted close": "157.5000",
            "6. volume": "27012525",
            "7. dividend amount": "0.0000",
            "8. split coefficient": "1.0000"
        },
        "2017-08-17": {
            "1. open": "160.5200",
            "2. high": "160.7100",
            "3. low": "157.8400",
            "4. close": "157.8600",
            "5. adjusted close": "157.8600",
            "6. volume": "26925694",
            "7. dividend amount": "0.0000",
            "8. split coefficient": "1.0000"
        },
        "2017-08-16": {
            "1. open": "161.9400",
            "2. high": "162.5100",
            "3. low": "160.1500",
            "4. close": "160.9500",
            "5. adjusted close": "160.9500",
            "6. volume": "27321761",
            "7. dividend amount": "0.0000",
            "8. split coefficient": "1.0000"
        },
        "2017-08-15": {
            "1. open": "160.6600",
            "2. high": "162.2000",
            "3. low": "160.1400",
            "4. close": "161.6000",
            "5. adjusted close": "161.6000",
            "6. volume": "27936774",
            "7. dividend amount": "0.0000",
            "8. split coefficient": "1.0000"
        },
        "2017-08-14": {
            "1. open": "159.3200",
            "2. high": "160.2100",
            "3. low": "158.7500",
            "4. close": "159.8500",
            "5. adjusted close": "159.8500",
            "6. volume": "21754810",
            "7. dividend amount": "0.0000",
            "8. split coefficient": "1.0000"
        },
        "2017-08-11": {
            "1. open": "156.6000",
            "2. high": "158.5700",
            "3. low": "156.0700",
            "4. close": "157.4800",
            "5. adjusted close": "157.4800",
            "6. volume": "25943187",
            "7. dividend amount": "0.0000",
            "8. split coefficient": "1.0000"
        },
        "2017-08-10": {
            "1. open": "159.9000",
            "2. high": "160.0000",
            "3. low": "154.6300",
            "4. close": "155.3200",
            "5. adjusted close": "155.3200",
            "6. volume": "39081017",
            "7. dividend amount": "0.6300",
            "8. split coefficient": "1.0000"
        },
        "2017-08-09": {
            "1. open": "159.2600",
            "2. high": "161.2700",
            "3. low": "159.1100",
            "4. close": "161.0600",
            "5. adjusted close": "160.4094",
            "6. volume": "25640394",
            "7. dividend amount": "0.0000",
            "8. split coefficient": "1.0000"
        },
        "2017-08-08": {
            "1. open": "158.6000",
            "2. high": "161.8300",
            "3. low": "158.2700",
            "4. close": "160.0800",
            "5. adjusted close": "159.4333",
            "6. volume": "35775675",
            "7. dividend amount": "0.0000",
            "8. split coefficient": "1.0000"
        },
        "2017-08-07": {
            "1. open": "157.0600",
            "2. high": "158.9200",
            "3. low": "156.6700",
            "4. close": "158.8100",
            "5. adjusted close": "158.1684",
            "6. volume": "21870321",
            "7. dividend amount": "0.0000",
            "8. split coefficient": "1.0000"
        },
        "2017-08-04": {
            "1. open": "156.0700",
            "2. high": "157.4000",
            "3. low": "155.6900",
            "4. close": "156.3900",
            "5. adjusted close": "155.7582",
            "6. volume": "20349532",
            "7. dividend amount": "0.0000",
            "8. split coefficient": "1.0000"
        },
        "2017-08-03": {
            "1. open": "157.0500",
            "2. high": "157.2100",
            "3. low": "155.0200",
            "4. close": "155.5700",
            "5. adjusted close": "154.9415",
            "6. volume": "26000738",
            "7. dividend amount": "0.0000",
            "8. split coefficient": "1.0000"
        },
        "2017-08-02": {
            "1. open": "159.2800",
            "2. high": "159.7500",
            "3. low": "156.1600",
            "4. close": "157.1400",
            "5. adjusted close": "156.5052",
            "6. volume": "69222793",
            "7. dividend amount": "0.0000",
            "8. split coefficient": "1.0000"
        },
        "2017-08-01": {
            "1. open": "149.1000",
            "2. high": "150.2200",
            "3. low": "148.4100",
            "4. close": "150.0500",
            "5. adjusted close": "149.4438",
            "6. volume": "24725526",
            "7. dividend amount": "0.0000",
            "8. split coefficient": "1.0000"
        },
        "2017-07-31": {
            "1. open": "149.9000",
            "2. high": "150.3300",
            "3. low": "148.1300",
            "4. close": "148.7300",
            "5. adjusted close": "148.1292",
            "6. volume": "19422655",
            "7. dividend amount": "0.0000",
            "8. split coefficient": "1.0000"
        },
        "2017-07-28": {
            "1. open": "149.8900",
            "2. high": "150.2300",
            "3. low": "149.1900",
            "4. close": "149.5000",
            "5. adjusted close": "148.8961",
            "6. volume": "16832947",
            "7. dividend amount": "0.0000",
            "8. split coefficient": "1.0000"
        },
        "2017-07-27": {
            "1. open": "153.7500",
            "2. high": "153.9900",
            "3. low": "147.3000",
            "4. close": "150.5600",
            "5. adjusted close": "149.9518",
            "6. volume": "32175875",
            "7. dividend amount": "0.0000",
            "8. split coefficient": "1.0000"
        },
        "2017-07-26": {
            "1. open": "153.3500",
            "2. high": "153.9300",
            "3. low": "153.0600",
            "4. close": "153.4600",
            "5. adjusted close": "152.8401",
            "6. volume": "15172136",
            "7. dividend amount": "0.0000",
            "8. split coefficient": "1.0000"
        },
        "2017-07-25": {
            "1. open": "151.8000",
            "2. high": "153.8400",
            "3. low": "151.8000",
            "4. close": "152.7400",
            "5. adjusted close": "152.1230",
            "6. volume": "18612649",
            "7. dividend amount": "0.0000",
            "8. split coefficient": "1.0000"
        },
        "2017-07-24": {
            "1. open": "150.5800",
            "2. high": "152.4400",
            "3. low": "149.9000",
            "4. close": "152.0900",
            "5. adjusted close": "151.4756",
            "6. volume": "21122730",
            "7. dividend amount": "0.0000",
            "8. split coefficient": "1.0000"
        },
        "2017-07-21": {
            "1. open": "149.9900",
            "2. high": "150.4400",
            "3. low": "148.8800",
            "4. close": "150.2700",
            "5. adjusted close": "149.6629",
            "6. volume": "24671002",
            "7. dividend amount": "0.0000",
            "8. split coefficient": "1.0000"
        },
        "2017-07-20": {
            "1. open": "151.5000",
            "2. high": "151.7400",
            "3. low": "150.1900",
            "4. close": "150.3400",
            "5. adjusted close": "149.7327",
            "6. volume": "17053326",
            "7. dividend amount": "0.0000",
            "8. split coefficient": "1.0000"
        },
        "2017-07-19": {
            "1. open": "150.4800",
            "2. high": "151.4200",
            "3. low": "149.9500",
            "4. close": "151.0200",
            "5. adjusted close": "150.4099",
            "6. volume": "20615419",
            "7. dividend amount": "0.0000",
            "8. split coefficient": "1.0000"
        },
        "2017-07-18": {
            "1. open": "149.2000",
            "2. high": "150.1300",
            "3. low": "148.6700",
            "4. close": "150.0800",
            "5. adjusted close": "149.4737",
            "6. volume": "17713795",
            "7. dividend amount": "0.0000",
            "8. split coefficient": "1.0000"
        },
        "2017-07-17": {
            "1. open": "148.8200",
            "2. high": "150.9000",
            "3. low": "148.5700",
            "4. close": "149.5600",
            "5. adjusted close": "148.9558",
            "6. volume": "23243713",
            "7. dividend amount": "0.0000",
            "8. split coefficient": "1.0000"
        },
        "2017-07-14": {
            "1. open": "147.9700",
            "2. high": "149.3300",
            "3. low": "147.3300",
            "4. close": "149.0400",
            "5. adjusted close": "148.4379",
            "6. volume": "19961788",
            "7. dividend amount": "0.0000",
            "8. split coefficient": "1.0000"
        },
        "2017-07-13": {
            "1. open": "145.5000",
            "2. high": "148.4900",
            "3. low": "145.4400",
            "4. close": "147.7700",
            "5. adjusted close": "147.1730",
            "6. volume": "24922788",
            "7. dividend amount": "0.0000",
            "8. split coefficient": "1.0000"
        },
        "2017-07-12": {
            "1. open": "145.8700",
            "2. high": "146.1800",
            "3. low": "144.8200",
            "4. close": "145.7400",
            "5. adjusted close": "145.1512",
            "6. volume": "23617964",
            "7. dividend amount": "0.0000",
            "8. split coefficient": "1.0000"
        },
        "2017-07-11": {
            "1. open": "144.7300",
            "2. high": "145.8500",
            "3. low": "144.3800",
            "4. close": "145.5300",
            "5. adjusted close": "144.9421",
            "6. volume": "18311156",
            "7. dividend amount": "0.0000",
            "8. split coefficient": "1.0000"
        },
        "2017-07-10": {
            "1. open": "144.1100",
            "2. high": "145.9500",
            "3. low": "143.3700",
            "4. close": "145.0600",
            "5. adjusted close": "144.4740",
            "6. volume": "21030466",
            "7. dividend amount": "0.0000",
            "8. split coefficient": "1.0000"
        },
        "2017-07-07": {
            "1. open": "142.9000",
            "2. high": "144.7500",
            "3. low": "142.9000",
            "4. close": "144.1800",
            "5. adjusted close": "143.5975",
            "6. volume": "18505351",
            "7. dividend amount": "0.0000",
            "8. split coefficient": "1.0000"
        },
        "2017-07-06": {
            "1. open": "143.0200",
            "2. high": "143.5000",
            "3. low": "142.4100",
            "4. close": "142.7300",
            "5. adjusted close": "142.1534",
            "6. volume": "23374374",
            "7. dividend amount": "0.0000",
            "8. split coefficient": "1.0000"
        },
        "2017-07-05": {
            "1. open": "143.6900",
            "2. high": "144.7900",
            "3. low": "142.7200",
            "4. close": "144.0900",
            "5. adjusted close": "143.5079",
            "6. volume": "20758795",
            "7. dividend amount": "0.0000",
            "8. split coefficient": "1.0000"
        },
        "2017-07-03": {
            "1. open": "144.8800",
            "2. high": "145.3000",
            "3. low": "143.1000",
            "4. close": "143.5000",
            "5. adjusted close": "142.9203",
            "6. volume": "14258300",
            "7. dividend amount": "0.0000",
            "8. split coefficient": "1.0000"
        },
        "2017-06-30": {
            "1. open": "144.4500",
            "2. high": "144.9600",
            "3. low": "143.7800",
            "4. close": "144.0200",
            "5. adjusted close": "143.4382",
            "6. volume": "22328979",
            "7. dividend amount": "0.0000",
            "8. split coefficient": "1.0000"
        },
        "2017-06-29": {
            "1. open": "144.7100",
            "2. high": "145.1300",
            "3. low": "142.2800",
            "4. close": "143.6800",
            "5. adjusted close": "143.0996",
            "6. volume": "31116980",
            "7. dividend amount": "0.0000",
            "8. split coefficient": "1.0000"
        },
        "2017-06-28": {
            "1. open": "144.4900",
            "2. high": "146.1100",
            "3. low": "143.1600",
            "4. close": "145.8300",
            "5. adjusted close": "145.2409",
            "6. volume": "21915939",
            "7. dividend amount": "0.0000",
            "8. split coefficient": "1.0000"
        },
        "2017-06-27": {
            "1. open": "145.0100",
            "2. high": "146.1600",
            "3. low": "143.6200",
            "4. close": "143.7300",
            "5. adjusted close": "143.1494",
            "6. volume": "24423643",
            "7. dividend amount": "0.0000",
            "8. split coefficient": "1.0000"
        },
        "2017-06-26": {
            "1. open": "147.1700",
            "2. high": "148.2800",
            "3. low": "145.3800",
            "4. close": "145.8200",
            "5. adjusted close": "145.2309",
            "6. volume": "25524661",
            "7. dividend amount": "0.0000",
            "8. split coefficient": "1.0000"
        },
        "2017-06-23": {
            "1. open": "145.1300",
            "2. high": "147.1600",
            "3. low": "145.1100",
            "4. close": "146.2800",
            "5. adjusted close": "145.6891",
            "6. volume": "25997976",
            "7. dividend amount": "0.0000",
            "8. split coefficient": "1.0000"
        },
        "2017-06-22": {
            "1. open": "145.7700",
            "2. high": "146.7000",
            "3. low": "145.1200",
            "4. close": "145.6300",
            "5. adjusted close": "145.0417",
            "6. volume": "18673365",
            "7. dividend amount": "0.0000",
            "8. split coefficient": "1.0000"
        },
        "2017-06-21": {
            "1. open": "145.5200",
            "2. high": "146.0700",
            "3. low": "144.6100",
            "4. close": "145.8700",
            "5. adjusted close": "145.2807",
            "6. volume": "21064679",
            "7. dividend amount": "0.0000",
            "8. split coefficient": "1.0000"
        },
        "2017-06-20": {
            "1. open": "146.8700",
            "2. high": "146.8700",
            "3. low": "144.9400",
            "4. close": "145.0100",
            "5. adjusted close": "144.4242",
            "6. volume": "24572170",
            "7. dividend amount": "0.0000",
            "8. split coefficient": "1.0000"
        },
        "2017-06-19": {
            "1. open": "143.6600",
            "2. high": "146.7400",
            "3. low": "143.6600",
            "4. close": "146.3400",
            "5. adjusted close": "145.7488",
            "6. volume": "31449132",
            "7. dividend amount": "0.0000",
            "8. split coefficient": "1.0000"
        },
        "2017-06-16": {
            "1. open": "143.7800",
            "2. high": "144.5000",
            "3. low": "142.2000",
            "4. close": "142.2700",
            "5. adjusted close": "141.6953",
            "6. volume": "49180748",
            "7. dividend amount": "0.0000",
            "8. split coefficient": "1.0000"
        },
        "2017-06-15": {
            "1. open": "143.3200",
            "2. high": "144.4800",
            "3. low": "142.2100",
            "4. close": "144.2900",
            "5. adjusted close": "143.7071",
            "6. volume": "31348832",
            "7. dividend amount": "0.0000",
            "8. split coefficient": "1.0000"
        },
        "2017-06-14": {
            "1. open": "147.5000",
            "2. high": "147.5000",
            "3. low": "143.8400",
            "4. close": "145.1600",
            "5. adjusted close": "144.5736",
            "6. volume": "31224203",
            "7. dividend amount": "0.0000",
            "8. split coefficient": "1.0000"
        },
        "2017-06-13": {
            "1. open": "147.1600",
            "2. high": "147.4500",
            "3. low": "145.1500",
            "4. close": "146.5900",
            "5. adjusted close": "145.9978",
            "6. volume": "33749154",
            "7. dividend amount": "0.0000",
            "8. split coefficient": "1.0000"
        },
        "2017-06-12": {
            "1. open": "145.7400",
            "2. high": "146.0900",
            "3. low": "142.5100",
            "4. close": "145.4200",
            "5. adjusted close": "144.8325",
            "6. volume": "71563614",
            "7. dividend amount": "0.0000",
            "8. split coefficient": "1.0000"
        },
        "2017-06-09": {
            "1. open": "155.1900",
            "2. high": "155.1900",
            "3. low": "146.0200",
            "4. close": "148.9800",
            "5. adjusted close": "148.3782",
            "6. volume": "64176149",
            "7. dividend amount": "0.0000",
            "8. split coefficient": "1.0000"
        },
        "2017-06-08": {
            "1. open": "155.2500",
            "2. high": "155.5400",
            "3. low": "154.4000",
            "4. close": "154.9900",
            "5. adjusted close": "154.3639",
            "6. volume": "20771367",
            "7. dividend amount": "0.0000",
            "8. split coefficient": "1.0000"
        }
    }
}